  ACTOS2.cpp
D:\GIT-Repository\SecondCoure\ACTOS2\ACTOS2\ACTOS2.cpp(71,20): warning C4244: аргумент: преобразование "float" в "int", возможна потеря данных
D:\GIT-Repository\SecondCoure\ACTOS2\ACTOS2\ACTOS2.cpp(80,32): warning C4244: аргумент: преобразование "double" в "float", возможна потеря данных
D:\GIT-Repository\SecondCoure\ACTOS2\ACTOS2\ACTOS2.cpp(80,54): warning C4244: аргумент: преобразование "double" в "float", возможна потеря данных
D:\GIT-Repository\SecondCoure\ACTOS2\ACTOS2\ACTOS2.cpp(81,41): warning C4244: аргумент: преобразование "double" в "float", возможна потеря данных
D:\GIT-Repository\SecondCoure\ACTOS2\ACTOS2\ACTOS2.cpp(81,63): warning C4244: аргумент: преобразование "double" в "float", возможна потеря данных
D:\GIT-Repository\SecondCoure\ACTOS2\ACTOS2\ACTOS2.cpp(84,28): warning C4244: аргумент: преобразование "double" в "float", возможна потеря данных
D:\GIT-Repository\SecondCoure\ACTOS2\ACTOS2\ACTOS2.cpp(84,50): warning C4244: аргумент: преобразование "double" в "float", возможна потеря данных
D:\GIT-Repository\SecondCoure\ACTOS2\ACTOS2\ACTOS2.cpp(85,37): warning C4244: аргумент: преобразование "double" в "float", возможна потеря данных
D:\GIT-Repository\SecondCoure\ACTOS2\ACTOS2\ACTOS2.cpp(85,59): warning C4244: аргумент: преобразование "double" в "float", возможна потеря данных
D:\GIT-Repository\SecondCoure\ACTOS2\ACTOS2\ACTOS2.cpp(104,46): warning C4244: аргумент: преобразование "double" в "float", возможна потеря данных
D:\GIT-Repository\SecondCoure\ACTOS2\ACTOS2\ACTOS2.cpp(105,62): warning C4244: аргумент: преобразование "double" в "float", возможна потеря данных
D:\GIT-Repository\SecondCoure\ACTOS2\ACTOS2\ACTOS2.cpp(106,70): warning C4244: аргумент: преобразование "double" в "float", возможна потеря данных
D:\GIT-Repository\SecondCoure\ACTOS2\ACTOS2\ACTOS2.cpp(196,22): warning C4267: инициализация: преобразование из "size_t" в "int"; возможна потеря данных
D:\GIT-Repository\SecondCoure\ACTOS2\ACTOS2\ACTOS2.cpp(228,44): warning C4244: аргумент: преобразование "__int64" в "int", возможна потеря данных
D:\GIT-Repository\SecondCoure\ACTOS2\ACTOS2\ACTOS2.cpp(228,25): warning C4244: аргумент: преобразование "__int64" в "int", возможна потеря данных
D:\GIT-Repository\SecondCoure\ACTOS2\ACTOS2\ACTOS2.cpp(231,26): warning C4244: аргумент: преобразование "__int64" в "int", возможна потеря данных
D:\GIT-Repository\SecondCoure\ACTOS2\ACTOS2\ACTOS2.cpp(232,57): warning C4244: аргумент: преобразование "double" в "int", возможна потеря данных
D:\GIT-Repository\SecondCoure\ACTOS2\ACTOS2\ACTOS2.cpp(232,26): warning C4244: аргумент: преобразование "__int64" в "int", возможна потеря данных
D:\GIT-Repository\SecondCoure\ACTOS2\ACTOS2\ACTOS2.cpp(251,14): warning C4244: аргумент: преобразование "__int64" в "int", возможна потеря данных
D:\GIT-Repository\SecondCoure\ACTOS2\ACTOS2\ACTOS2.cpp(264,27): warning C4244: аргумент: преобразование "__int64" в "int", возможна потеря данных
D:\GIT-Repository\SecondCoure\ACTOS2\ACTOS2\ACTOS2.cpp(268,27): warning C4244: аргумент: преобразование "__int64" в "int", возможна потеря данных
D:\GIT-Repository\SecondCoure\ACTOS2\ACTOS2\ACTOS2.cpp(270,44): warning C4244: аргумент: преобразование "__int64" в "int", возможна потеря данных
D:\GIT-Repository\SecondCoure\ACTOS2\ACTOS2\ACTOS2.cpp(270,25): warning C4244: аргумент: преобразование "__int64" в "int", возможна потеря данных
D:\GIT-Repository\SecondCoure\ACTOS2\ACTOS2\ACTOS2.cpp(273,57): warning C4244: аргумент: преобразование "double" в "int", возможна потеря данных
D:\GIT-Repository\SecondCoure\ACTOS2\ACTOS2\ACTOS2.cpp(273,26): warning C4244: аргумент: преобразование "__int64" в "int", возможна потеря данных
D:\GIT-Repository\SecondCoure\ACTOS2\ACTOS2\ACTOS2.cpp(275,28): warning C4244: аргумент: преобразование "__int64" в "int", возможна потеря данных
D:\GIT-Repository\SecondCoure\ACTOS2\ACTOS2\ACTOS2.cpp(280,27): warning C4244: аргумент: преобразование "__int64" в "int", возможна потеря данных
D:\GIT-Repository\SecondCoure\ACTOS2\ACTOS2\ACTOS2.cpp(295,23): warning C4244: +=: преобразование "double" в "__int64", возможна потеря данных
D:\GIT-Repository\SecondCoure\ACTOS2\ACTOS2\ACTOS2.cpp(353,17): warning C4244: =: преобразование "__int64" в "int", возможна потеря данных
D:\GIT-Repository\SecondCoure\ACTOS2\ACTOS2\ACTOS2.cpp(357,21): warning C4244: аргумент: преобразование "int" в "float", возможна потеря данных
D:\GIT-Repository\SecondCoure\ACTOS2\ACTOS2\ACTOS2.cpp(383,24): warning C4244: +=: преобразование "double" в "int", возможна потеря данных
D:\GIT-Repository\SecondCoure\ACTOS2\ACTOS2\ACTOS2.cpp(388,17): warning C4244: =: преобразование "__int64" в "int", возможна потеря данных
D:\GIT-Repository\SecondCoure\ACTOS2\ACTOS2\ACTOS2.cpp(406,3): warning C4267: инициализация: преобразование из "size_t" в "int"; возможна потеря данных
D:\GIT-Repository\SecondCoure\ACTOS2\ACTOS2\ACTOS2.cpp(429,8): warning C4244: инициализация: преобразование "float" в "int", возможна потеря данных
D:\GIT-Repository\SecondCoure\ACTOS2\ACTOS2\ACTOS2.cpp(445,16): warning C4244: +=: преобразование "double" в "int", возможна потеря данных
D:\GIT-Repository\SecondCoure\ACTOS2\ACTOS2\ACTOS2.cpp(447,16): warning C4244: -=: преобразование "double" в "int", возможна потеря данных
D:\GIT-Repository\SecondCoure\ACTOS2\ACTOS2\ACTOS2.cpp(439,2): warning C4102: a: неиспользованная метка
D:\GIT-Repository\SecondCoure\ACTOS2\ACTOS2\ACTOS2.cpp(470,16): warning C4244: -=: преобразование "double" в "int", возможна потеря данных
D:\GIT-Repository\SecondCoure\ACTOS2\ACTOS2\ACTOS2.cpp(496,14): warning C4244: =: преобразование "int" в "float", возможна потеря данных
D:\GIT-Repository\SecondCoure\ACTOS2\ACTOS2\ACTOS2.cpp(562,26): warning C4244: =: преобразование "double" в "float", возможна потеря данных
  ACTOS2.vcxproj -> D:\GIT-Repository\SecondCoure\ACTOS2\x64\Debug\ACTOS2.exe
